[2021-12-03T17:52:54.569858+01:00] users.INFO: Hibás jelszó: 123 [] []
[2021-12-03T17:53:03.986757+01:00] users.INFO: Sikeres belépés: 123 [] []
[2021-12-03T17:56:08.075777+01:00] users.INFO: Sikeres kilépés: 123 [] []
[2021-12-03T17:56:17.304100+01:00] users.INFO: Sikeres belépés: 123 [] []
[2021-12-03T17:56:18.445545+01:00] users.INFO: Sikeres kilépés: 123 [] []
[2021-12-10T18:01:13.328990+01:00] users.INFO: Sikeres belépés: 123 [] []
[2021-12-17T17:02:58.004124+01:00] users.INFO: Sikeres belépés: 123 [] []
[2022-01-14T21:46:07.893144+01:00] users.INFO: Hibás jelszó:  [] []
[2022-01-14T21:57:43.082042+01:00] users.INFO: Hibás jelszó:  [] []
[2022-02-25T17:58:51.252200+01:00] users.INFO: Sikeres belépés: 123 [] []
[2022-02-25T18:03:43.305943+01:00] users.INFO: Sikeres kilépés: 123 [] []
[2022-02-25T18:03:49.831939+01:00] users.INFO: Sikeres belépés: 123 [] []
[2022-02-25T18:13:47.399579+01:00] users.INFO: Sikeres kilépés: 123 [] []
[2022-02-25T18:13:57.525669+01:00] users.INFO: Hibás jelszó:  [] []
[2022-02-25T18:13:57.753327+01:00] users.INFO: Hibás jelszó:  [] []
[2022-03-04T16:46:43.288318+01:00] users.INFO: Sikeres belépés: 123 [] []
[2022-03-11T16:34:31.162089+01:00] users.INFO: Sikeres belépés: 123 [] []
[2022-03-18T16:55:16.811554+01:00] users.INFO: Sikeres belépés: 123 [] []
[2022-03-25T13:52:14.715947+01:00] users.INFO: Sikeres belépés: 123 [] []
[2022-03-25T17:24:04.904424+01:00] users.INFO: Sikeres belépés: ladikusz [] []
[2022-03-25T18:03:31.881829+01:00] users.INFO: Sikeres belépés: ladikusz [] []
